Performing C SOURCE FILE Test CMAKE_HAVE_LIBC_PTHREAD failed with the following output:
Change Dir: /home/agilex/ydlidar_ws/build/CMakeFiles/CMakeScratch/TryCompile-UbPF75

Run Build Command(s):/usr/bin/make -f Makefile cmTC_17bcf/fast && /usr/bin/make  -f CMakeFiles/cmTC_17bcf.dir/build.make CMakeFiles/cmTC_17bcf.dir/build
make[1]: Entering directory '/home/agilex/ydlidar_ws/build/CMakeFiles/CMakeScratch/TryCompile-UbPF75'
Building C object CMakeFiles/cmTC_17bcf.dir/src.c.o
/usr/bin/cc -DCMAKE_HAVE_LIBC_PTHREAD   -o CMakeFiles/cmTC_17bcf.dir/src.c.o -c /home/agilex/ydlidar_ws/build/CMakeFiles/CMakeScratch/TryCompile-UbPF75/src.c
Linking C executable cmTC_17bcf
/home/agilex/.local/lib/python3.8/site-packages/cmake/data/bin/cmake -E cmake_link_script CMakeFiles/cmTC_17bcf.dir/link.txt --verbose=1
/usr/bin/cc -rdynamic CMakeFiles/cmTC_17bcf.dir/src.c.o -o cmTC_17bcf 
/usr/bin/ld: CMakeFiles/cmTC_17bcf.dir/src.c.o: in function `main':
src.c:(.text+0x48): undefined reference to `pthread_create'
/usr/bin/ld: src.c:(.text+0x50): undefined reference to `pthread_detach'
/usr/bin/ld: src.c:(.text+0x58): undefined reference to `pthread_cancel'
/usr/bin/ld: src.c:(.text+0x64): undefined reference to `pthread_join'
collect2: error: ld returned 1 exit status
make[1]: *** [CMakeFiles/cmTC_17bcf.dir/build.make:99: cmTC_17bcf] Error 1
make[1]: Leaving directory '/home/agilex/ydlidar_ws/build/CMakeFiles/CMakeScratch/TryCompile-UbPF75'
make: *** [Makefile:127: cmTC_17bcf/fast] Error 2


Source file was:
#include <pthread.h>

static void* test_func(void* data)
{
  return data;
}

int main(void)
{
  pthread_t thread;
  pthread_create(&thread, NULL, test_func, NULL);
  pthread_detach(thread);
  pthread_cancel(thread);
  pthread_join(thread, NULL);
  pthread_atfork(NULL, NULL, NULL);
  pthread_exit(NULL);

  return 0;
}


Determining if the function pthread_create exists in the pthreads failed with the following output:
Change Dir: /home/agilex/ydlidar_ws/build/CMakeFiles/CMakeScratch/TryCompile-03dAm5

Run Build Command(s):/usr/bin/make -f Makefile cmTC_48004/fast && /usr/bin/make  -f CMakeFiles/cmTC_48004.dir/build.make CMakeFiles/cmTC_48004.dir/build
make[1]: Entering directory '/home/agilex/ydlidar_ws/build/CMakeFiles/CMakeScratch/TryCompile-03dAm5'
Building C object CMakeFiles/cmTC_48004.dir/CheckFunctionExists.c.o
/usr/bin/cc   -DCHECK_FUNCTION_EXISTS=pthread_create -o CMakeFiles/cmTC_48004.dir/CheckFunctionExists.c.o -c /home/agilex/ydlidar_ws/build/CMakeFiles/CMakeScratch/TryCompile-03dAm5/CheckFunctionExists.c
Linking C executable cmTC_48004
/home/agilex/.local/lib/python3.8/site-packages/cmake/data/bin/cmake -E cmake_link_script CMakeFiles/cmTC_48004.dir/link.txt --verbose=1
/usr/bin/cc  -DCHECK_FUNCTION_EXISTS=pthread_create -rdynamic CMakeFiles/cmTC_48004.dir/CheckFunctionExists.c.o -o cmTC_48004  -lpthreads 
/usr/bin/ld: cannot find -lpthreads
collect2: error: ld returned 1 exit status
make[1]: *** [CMakeFiles/cmTC_48004.dir/build.make:99: cmTC_48004] Error 1
make[1]: Leaving directory '/home/agilex/ydlidar_ws/build/CMakeFiles/CMakeScratch/TryCompile-03dAm5'
make: *** [Makefile:127: cmTC_48004/fast] Error 2



